  source.cpp
D:\прога\2025-cpp\homework2 10.11.2025\dop\source.cpp(9,10): warning C4473: "scanf_s": передано недостаточно аргументов для строки формата
      D:\прога\2025-cpp\homework2 10.11.2025\dop\source.cpp(9,10):
      заполнители и их параметры ожидают переменное число аргументов в количестве 2, но было предоставлено 1
      D:\прога\2025-cpp\homework2 10.11.2025\dop\source.cpp(9,10):
      отсутствующий вариативный аргумент "2" требуется для строки форматирования "%c"
      D:\прога\2025-cpp\homework2 10.11.2025\dop\source.cpp(9,10):
      этот аргумент используется в качестве размера буфера
  
D:\прога\2025-cpp\homework2 10.11.2025\dop\source.cpp(10,10): warning C4473: "scanf_s": передано недостаточно аргументов для строки формата
      D:\прога\2025-cpp\homework2 10.11.2025\dop\source.cpp(10,10):
      заполнители и их параметры ожидают переменное число аргументов в количестве 2, но было предоставлено 1
      D:\прога\2025-cpp\homework2 10.11.2025\dop\source.cpp(10,10):
      отсутствующий вариативный аргумент "2" требуется для строки форматирования "%c"
      D:\прога\2025-cpp\homework2 10.11.2025\dop\source.cpp(10,10):
      этот аргумент используется в качестве размера буфера
  
D:\прога\2025-cpp\homework2 10.11.2025\dop\source.cpp(11,10): warning C4473: "scanf_s": передано недостаточно аргументов для строки формата
      D:\прога\2025-cpp\homework2 10.11.2025\dop\source.cpp(11,10):
      заполнители и их параметры ожидают переменное число аргументов в количестве 2, но было предоставлено 1
      D:\прога\2025-cpp\homework2 10.11.2025\dop\source.cpp(11,10):
      отсутствующий вариативный аргумент "2" требуется для строки форматирования "%c"
      D:\прога\2025-cpp\homework2 10.11.2025\dop\source.cpp(11,10):
      этот аргумент используется в качестве размера буфера
  
D:\прога\2025-cpp\homework2 10.11.2025\dop\source.cpp(12,10): warning C4473: "scanf_s": передано недостаточно аргументов для строки формата
      D:\прога\2025-cpp\homework2 10.11.2025\dop\source.cpp(12,10):
      заполнители и их параметры ожидают переменное число аргументов в количестве 2, но было предоставлено 1
      D:\прога\2025-cpp\homework2 10.11.2025\dop\source.cpp(12,10):
      отсутствующий вариативный аргумент "2" требуется для строки форматирования "%c"
      D:\прога\2025-cpp\homework2 10.11.2025\dop\source.cpp(12,10):
      этот аргумент используется в качестве размера буфера
  
  dop.vcxproj -> D:\прога\2025-cpp\homework2 10.11.2025\x64\Debug\dop.exe
